<?xml version="1.0" encoding="UTF-8"?>
<testsuite name="DoctorTest" tests="4" skipped="0" failures="0" errors="0" timestamp="2015-08-25T21:19:43" hostname="epicodus-105.local" time="0.144">
  <properties/>
  <testcase name="all_emptyAtFirst" classname="DoctorTest" time="0.105"/>
  <testcase name="find_findPatientInDatabase_true" classname="DoctorTest" time="0.017"/>
  <testcase name="save_savesIntoDatabase_true" classname="DoctorTest" time="0.014"/>
  <testcase name="equals_returnTrueIfNamesAreTheSame" classname="DoctorTest" time="0.005"/>
  <system-out><![CDATA[]]></system-out>
  <system-err><![CDATA[]]></system-err>
</testsuite>
