<?xml version="1.0" encoding="UTF-8"?>
<testsuite name="SpecialtyTest" tests="4" skipped="0" failures="0" errors="0" timestamp="2015-08-25T21:19:43" hostname="epicodus-105.local" time="0.041">
  <properties/>
  <testcase name="equals_returnTrueIfSpecialtiesAreTheSame" classname="SpecialtyTest" time="0.005"/>
  <testcase name="all_emptyAtFirst" classname="SpecialtyTest" time="0.009"/>
  <testcase name="find_findSpecialtyInDatabase_true" classname="SpecialtyTest" time="0.013"/>
  <testcase name="save_savesIntoDatabase_true" classname="SpecialtyTest" time="0.014"/>
  <system-out><![CDATA[]]></system-out>
  <system-err><![CDATA[]]></system-err>
</testsuite>
